Compiling the CXX compiler identification source file "CMakeCXXCompilerId.cpp" failed.
Compiler: C:/Program Files (x86)/GNU Tools ARM Embedded/7 2017-q4-major/bin/arm-none-eabi-g++.exe 
Build flags: 
Id flags:  

The output was:
1
c:/program files (x86)/gnu tools arm embedded/7 2017-q4-major/bin/../lib/gcc/arm-none-eabi/7.2.1/../../../../arm-none-eabi/lib\libc.a(lib_a-exit.o): In function `exit':
exit.c:(.text.exit+0x2c): undefined reference to `_exit'
collect2.exe: error: ld returned 1 exit status


Detecting CXX compiler ABI info failed to compile with the following output:
Change Dir: C:/ti-software/R2D2/Build-environment/modules/MOVING_PLATFORM/build/CMakeFiles/CMakeTmp

Run Build Command:"C:/SysGCC/arm-eabi/bin/make.exe" "cmTC_03089/fast"
C:/SysGCC/arm-eabi/bin/make.exe -f CMakeFiles/cmTC_03089.dir/build.make CMakeFiles/cmTC_03089.dir/build
make.exe[1]: Entering directory `C:/ti-software/R2D2/Build-environment/modules/MOVING_PLATFORM/build/CMakeFiles/CMakeTmp'
The system cannot find the path specified.
make.exe[1]: *** [CMakeFiles/cmTC_03089.dir/CMakeCXXCompilerABI.cpp.obj] Error 1
make.exe[1]: Leaving directory `C:/ti-software/R2D2/Build-environment/modules/MOVING_PLATFORM/build/CMakeFiles/CMakeTmp'
make.exe: *** [cmTC_03089/fast] Error 2



Detecting CXX [-std=c++1z] compiler features failed to compile with the following output:
Change Dir: C:/ti-software/R2D2/Build-environment/modules/MOVING_PLATFORM/build/CMakeFiles/CMakeTmp

Run Build Command:"C:/SysGCC/arm-eabi/bin/make.exe" "cmTC_6974d/fast"
C:/SysGCC/arm-eabi/bin/make.exe -f CMakeFiles/cmTC_6974d.dir/build.make CMakeFiles/cmTC_6974d.dir/build
make.exe[1]: Entering directory `C:/ti-software/R2D2/Build-environment/modules/MOVING_PLATFORM/build/CMakeFiles/CMakeTmp'
The system cannot find the path specified.
make.exe[1]: *** [CMakeFiles/cmTC_6974d.dir/feature_tests.cxx.obj] Error 1
make.exe[1]: Leaving directory `C:/ti-software/R2D2/Build-environment/modules/MOVING_PLATFORM/build/CMakeFiles/CMakeTmp'
make.exe: *** [cmTC_6974d/fast] Error 2



Compiling the C compiler identification source file "CMakeCCompilerId.c" failed.
Compiler: C:/Program Files (x86)/GNU Tools ARM Embedded/7 2017-q4-major/bin/arm-none-eabi-gcc.exe 
Build flags: 
Id flags:  

The output was:
1
c:/program files (x86)/gnu tools arm embedded/7 2017-q4-major/bin/../lib/gcc/arm-none-eabi/7.2.1/../../../../arm-none-eabi/lib\libc.a(lib_a-exit.o): In function `exit':
exit.c:(.text.exit+0x2c): undefined reference to `_exit'
collect2.exe: error: ld returned 1 exit status


Detecting C compiler ABI info failed to compile with the following output:
Change Dir: C:/ti-software/R2D2/Build-environment/modules/MOVING_PLATFORM/build/CMakeFiles/CMakeTmp

Run Build Command:"C:/SysGCC/arm-eabi/bin/make.exe" "cmTC_8c880/fast"
C:/SysGCC/arm-eabi/bin/make.exe -f CMakeFiles/cmTC_8c880.dir/build.make CMakeFiles/cmTC_8c880.dir/build
make.exe[1]: Entering directory `C:/ti-software/R2D2/Build-environment/modules/MOVING_PLATFORM/build/CMakeFiles/CMakeTmp'
The system cannot find the path specified.
make.exe[1]: *** [CMakeFiles/cmTC_8c880.dir/CMakeCCompilerABI.c.obj] Error 1
make.exe[1]: Leaving directory `C:/ti-software/R2D2/Build-environment/modules/MOVING_PLATFORM/build/CMakeFiles/CMakeTmp'
make.exe: *** [cmTC_8c880/fast] Error 2



Detecting C [-std=c11] compiler features failed to compile with the following output:
Change Dir: C:/ti-software/R2D2/Build-environment/modules/MOVING_PLATFORM/build/CMakeFiles/CMakeTmp

Run Build Command:"C:/SysGCC/arm-eabi/bin/make.exe" "cmTC_7773a/fast"
C:/SysGCC/arm-eabi/bin/make.exe -f CMakeFiles/cmTC_7773a.dir/build.make CMakeFiles/cmTC_7773a.dir/build
make.exe[1]: Entering directory `C:/ti-software/R2D2/Build-environment/modules/MOVING_PLATFORM/build/CMakeFiles/CMakeTmp'
The system cannot find the path specified.
make.exe[1]: *** [CMakeFiles/cmTC_7773a.dir/feature_tests.c.obj] Error 1
make.exe[1]: Leaving directory `C:/ti-software/R2D2/Build-environment/modules/MOVING_PLATFORM/build/CMakeFiles/CMakeTmp'
make.exe: *** [cmTC_7773a/fast] Error 2



